#-----------------------------------------------------------
# Vivado v2018.3 (64-bit)
# SW Build 2405991 on Thu Dec  6 23:38:27 MST 2018
# IP Build 2404404 on Fri Dec  7 01:43:56 MST 2018
# Start of session at: Wed May 20 22:33:16 2026
# Process ID: 21440
# Current directory: C:/Chip2026_Testing/CHIP2026_TestingSetup
# Command line: vivado.exe -gui_launcher_event rodinguilauncherevent8552 C:\Chip2026_Testing\CHIP2026_TestingSetup\CHIP2026_TestingSetup.xpr
# Log file: C:/Chip2026_Testing/CHIP2026_TestingSetup/vivado.log
# Journal file: C:/Chip2026_Testing/CHIP2026_TestingSetup\vivado.jou
#-----------------------------------------------------------
start_gui
open_project C:/Chip2026_Testing/CHIP2026_TestingSetup/CHIP2026_TestingSetup.xpr
Scanning sources...
Finished scanning sources
INFO: [IP_Flow 19-234] Refreshing IP repositories
INFO: [IP_Flow 19-1704] No user IP repositories specified
INFO: [IP_Flow 19-2313] Loaded Vivado IP repository 'C:/Xilinx/Vivado/2018.3/data/ip'.
open_project: Time (s): cpu = 00:00:12 ; elapsed = 00:00:07 . Memory (MB): peak = 729.680 ; gain = 148.508
update_compile_order -fileset sources_1
open_bd_design {C:/Chip2026_Testing/CHIP2026_TestingSetup/CHIP2026_TestingSetup.srcs/sources_1/bd/design_1/design_1.bd}
Adding cell -- xilinx.com:ip:processing_system7:5.5 - processing_system7_0
Adding cell -- xilinx.com:ip:proc_sys_reset:5.0 - proc_sys_reset_0
Adding cell -- xilinx.com:ip:axi_interconnect:2.1 - axi_interconnect_0
Adding cell -- xilinx.com:ip:axi_crossbar:2.1 - xbar
Successfully read diagram <design_1> from BD file <C:/Chip2026_Testing/CHIP2026_TestingSetup/CHIP2026_TestingSetup.srcs/sources_1/bd/design_1/design_1.bd>
open_bd_design: Time (s): cpu = 00:00:09 ; elapsed = 00:00:09 . Memory (MB): peak = 826.316 ; gain = 96.637
close [ open C:/Chip2026_Testing/CHIP2026_TestingSetup/CHIP2026_TestingSetup.srcs/sources_1/new/test.v w ]
add_files C:/Chip2026_Testing/CHIP2026_TestingSetup/CHIP2026_TestingSetup.srcs/sources_1/new/test.v
update_compile_order -fileset sources_1
export_ip_user_files -of_objects  [get_files C:/Chip2026_Testing/CHIP2026_TestingSetup/CHIP2026_TestingSetup.srcs/sources_1/new/Verilog_Controller.sv] -no_script -reset -force -quiet
remove_files  C:/Chip2026_Testing/CHIP2026_TestingSetup/CHIP2026_TestingSetup.srcs/sources_1/new/Verilog_Controller.sv
file delete -force C:/Chip2026_Testing/CHIP2026_TestingSetup/CHIP2026_TestingSetup.srcs/sources_1/new/Verilog_Controller.sv
export_ip_user_files -of_objects  [get_files C:/Chip2026_Testing/CHIP2026_TestingSetup/CHIP2026_TestingSetup.srcs/sources_1/new/Unbundle_AXI_Bus.sv] -no_script -reset -force -quiet
remove_files  C:/Chip2026_Testing/CHIP2026_TestingSetup/CHIP2026_TestingSetup.srcs/sources_1/new/Unbundle_AXI_Bus.sv
file delete -force C:/Chip2026_Testing/CHIP2026_TestingSetup/CHIP2026_TestingSetup.srcs/sources_1/new/Unbundle_AXI_Bus.sv
export_ip_user_files -of_objects  [get_files C:/Chip2026_Testing/CHIP2026_TestingSetup/CHIP2026_TestingSetup.srcs/sources_1/new/test.sv] -no_script -reset -force -quiet
remove_files  C:/Chip2026_Testing/CHIP2026_TestingSetup/CHIP2026_TestingSetup.srcs/sources_1/new/test.sv
file delete -force C:/Chip2026_Testing/CHIP2026_TestingSetup/CHIP2026_TestingSetup.srcs/sources_1/new/test.sv
export_ip_user_files -of_objects  [get_files C:/Chip2026_Testing/CHIP2026_TestingSetup/CHIP2026_TestingSetup.srcs/sources_1/new/test.v] -no_script -reset -force -quiet
remove_files  C:/Chip2026_Testing/CHIP2026_TestingSetup/CHIP2026_TestingSetup.srcs/sources_1/new/test.v
file delete -force C:/Chip2026_Testing/CHIP2026_TestingSetup/CHIP2026_TestingSetup.srcs/sources_1/new/test.v
update_compile_order -fileset sources_1
close [ open C:/Chip2026_Testing/CHIP2026_TestingSetup/CHIP2026_TestingSetup.srcs/sources_1/new/Verilog_Controller.v w ]
add_files C:/Chip2026_Testing/CHIP2026_TestingSetup/CHIP2026_TestingSetup.srcs/sources_1/new/Verilog_Controller.v
update_compile_order -fileset sources_1
create_bd_cell -type module -reference Verilog_Controller Verilog_Controller_0
INFO: [IP_Flow 19-5107] Inferred bus interface 'in' of definition 'xilinx.com:interface:axis:1.0' (from Xilinx Repository).
INFO: [IP_Flow 19-5107] Inferred bus interface 'out' of definition 'xilinx.com:interface:axis:1.0' (from Xilinx Repository).
INFO: [IP_Flow 19-5107] Inferred bus interface 'DFF_RST' of definition 'xilinx.com:signal:reset:1.0' (from Xilinx Repository).
INFO: [IP_Flow 19-5107] Inferred bus interface 'TDC_RST' of definition 'xilinx.com:signal:reset:1.0' (from Xilinx Repository).
INFO: [IP_Flow 19-5107] Inferred bus interface 'clk' of definition 'xilinx.com:signal:clock:1.0' (from Xilinx Repository).
INFO: [IP_Flow 19-4728] Bus Interface 'clk': Added interface parameter 'ASSOCIATED_BUSIF' with value 'in'.
INFO: [IP_Flow 19-234] Refreshing IP repositories
INFO: [IP_Flow 19-1704] No user IP repositories specified
set_property location {3.5 1596 597} [get_bd_cells Verilog_Controller_0]
set_property location {3 1461 388} [get_bd_cells Verilog_Controller_0]
set_property location {3 1593 456} [get_bd_cells Verilog_Controller_0]
set_property location {3 1615 488} [get_bd_cells Verilog_Controller_0]
close [ open C:/Chip2026_Testing/CHIP2026_TestingSetup/CHIP2026_TestingSetup.srcs/sources_1/new/Unbundle_AXI_Bus.v w ]
add_files C:/Chip2026_Testing/CHIP2026_TestingSetup/CHIP2026_TestingSetup.srcs/sources_1/new/Unbundle_AXI_Bus.v
update_compile_order -fileset sources_1
set_property location {3.5 1889 547} [get_bd_cells Verilog_Controller_0]
create_bd_cell -type module -reference Unbundle_AXI_Bus Unbundle_AXI_Bus_0
INFO: [IP_Flow 19-234] Refreshing IP repositories
INFO: [IP_Flow 19-1704] No user IP repositories specified
set_property location {3.5 1423 565} [get_bd_cells Unbundle_AXI_Bus_0]
save_bd_design
Wrote  : <C:\Chip2026_Testing\CHIP2026_TestingSetup\CHIP2026_TestingSetup.srcs\sources_1\bd\design_1\design_1.bd> 
Wrote  : <C:/Chip2026_Testing/CHIP2026_TestingSetup/CHIP2026_TestingSetup.srcs/sources_1/bd/design_1/ui/bd_1f5defd0.ui> 
regenerate_bd_layout -routing
set_property location {552 60} [get_bd_intf_ports DDR]
set_property location {630 79} [get_bd_intf_ports FIXED_IO]
regenerate_bd_layout -routing
save_bd_design
Wrote  : <C:/Chip2026_Testing/CHIP2026_TestingSetup/CHIP2026_TestingSetup.srcs/sources_1/bd/design_1/ui/bd_1f5defd0.ui> 
exit
INFO: [Common 17-206] Exiting Vivado at Thu May 21 08:25:57 2026...
